Analysis & Elaboration report for fir
Thu Sep 07 21:23:10 2023
Quartus Prime Version 18.1.0 Build 625 09/12/2018 SJ Standard Edition


---------------------
; Table of Contents ;
---------------------
  1. Legal Notice
  2. Analysis & Elaboration Summary
  3. Parallel Compilation
  4. Parameter Settings for User Entity Instance: mult:mult_inst
  5. Parameter Settings for User Entity Instance: mult:mult_inst|mult_cell:mult_cell_inst0
  6. Parameter Settings for User Entity Instance: mult:mult_inst|mult_cell:mult_stepx[0].mult_cell_instx
  7. Parameter Settings for User Entity Instance: mult:mult_inst|mult_cell:mult_stepx[1].mult_cell_instx
  8. Parameter Settings for User Entity Instance: mult:mult_inst|mult_cell:mult_stepx[2].mult_cell_instx
  9. Parameter Settings for User Entity Instance: mult:mult_inst|mult_cell:mult_stepx[3].mult_cell_instx
 10. Parameter Settings for User Entity Instance: mult:mult_inst|mult_cell:mult_stepx[4].mult_cell_instx
 11. Parameter Settings for User Entity Instance: mult:mult_inst|mult_cell:mult_stepx[5].mult_cell_instx
 12. Parameter Settings for User Entity Instance: mult:mult_inst|mult_cell:mult_stepx[6].mult_cell_instx
 13. Parameter Settings for User Entity Instance: mult:mult_inst|mult_cell:mult_stepx[7].mult_cell_instx
 14. Parameter Settings for User Entity Instance: mult:mult_inst|mult_cell:mult_stepx[8].mult_cell_instx
 15. Parameter Settings for User Entity Instance: mult:mult_inst|mult_cell:mult_stepx[9].mult_cell_instx
 16. Parameter Settings for User Entity Instance: mult:mult_inst|mult_cell:mult_stepx[10].mult_cell_instx
 17. Analysis & Elaboration Settings
 18. Port Connectivity Checks: "mult:mult_inst|mult_cell:mult_stepx[10].mult_cell_instx"
 19. Port Connectivity Checks: "mult:mult_inst|mult_cell:mult_cell_inst0"
 20. Analysis & Elaboration Messages



----------------
; Legal Notice ;
----------------
Copyright (C) 2018  Intel Corporation. All rights reserved.
Your use of Intel Corporation's design tools, logic functions 
and other software and tools, and its AMPP partner logic 
functions, and any output files from any of the foregoing 
(including device programming or simulation files), and any 
associated documentation or information are expressly subject 
to the terms and conditions of the Intel Program License 
Subscription Agreement, the Intel Quartus Prime License Agreement,
the Intel FPGA IP License Agreement, or other applicable license
agreement, including, without limitation, that your use is for
the sole purpose of programming logic devices manufactured by
Intel and sold by Intel or its authorized distributors.  Please
refer to the applicable agreement for further details.



+--------------------------------------------------------------------------------------+
; Analysis & Elaboration Summary                                                       ;
+------------------------------------+-------------------------------------------------+
; Analysis & Elaboration Status      ; Successful - Thu Sep 07 21:23:10 2023           ;
; Quartus Prime Version              ; 18.1.0 Build 625 09/12/2018 SJ Standard Edition ;
; Revision Name                      ; fir                                             ;
; Top-level Entity Name              ; fir                                             ;
; Family                             ; Cyclone IV E                                    ;
; Total logic elements               ; N/A until Partition Merge                       ;
;     Total combinational functions  ; N/A until Partition Merge                       ;
;     Dedicated logic registers      ; N/A until Partition Merge                       ;
; Total registers                    ; N/A until Partition Merge                       ;
; Total pins                         ; N/A until Partition Merge                       ;
; Total virtual pins                 ; N/A until Partition Merge                       ;
; Total memory bits                  ; N/A until Partition Merge                       ;
; Embedded Multiplier 9-bit elements ; N/A until Partition Merge                       ;
; Total PLLs                         ; N/A until Partition Merge                       ;
+------------------------------------+-------------------------------------------------+


+------------------------------------------+
; Parallel Compilation                     ;
+----------------------------+-------------+
; Processors                 ; Number      ;
+----------------------------+-------------+
; Number detected on machine ; 12          ;
; Maximum allowed            ; 6           ;
;                            ;             ;
; Average used               ; 1.00        ;
; Maximum used               ; 1           ;
;                            ;             ;
; Usage by Processor         ; % Time Used ;
;     Processor 1            ; 100.0%      ;
+----------------------------+-------------+


+-------------------------------------------------------------+
; Parameter Settings for User Entity Instance: mult:mult_inst ;
+----------------+-------+------------------------------------+
; Parameter Name ; Value ; Type                               ;
+----------------+-------+------------------------------------+
; N              ; 13    ; Signed Integer                     ;
; M              ; 12    ; Signed Integer                     ;
+----------------+-------+------------------------------------+
Note: In order to hide this table in the UI and the text report file, please set the "Show Parameter Settings in Synthesis Report" option in "Analysis and Synthesis Settings -> More Settings" to "Off".


+---------------------------------------------------------------------------------------+
; Parameter Settings for User Entity Instance: mult:mult_inst|mult_cell:mult_cell_inst0 ;
+----------------+-------+--------------------------------------------------------------+
; Parameter Name ; Value ; Type                                                         ;
+----------------+-------+--------------------------------------------------------------+
; N              ; 13    ; Signed Integer                                               ;
; M              ; 12    ; Signed Integer                                               ;
+----------------+-------+--------------------------------------------------------------+
Note: In order to hide this table in the UI and the text report file, please set the "Show Parameter Settings in Synthesis Report" option in "Analysis and Synthesis Settings -> More Settings" to "Off".


+-----------------------------------------------------------------------------------------------------+
; Parameter Settings for User Entity Instance: mult:mult_inst|mult_cell:mult_stepx[0].mult_cell_instx ;
+----------------+-------+----------------------------------------------------------------------------+
; Parameter Name ; Value ; Type                                                                       ;
+----------------+-------+----------------------------------------------------------------------------+
; N              ; 13    ; Signed Integer                                                             ;
; M              ; 12    ; Signed Integer                                                             ;
+----------------+-------+----------------------------------------------------------------------------+
Note: In order to hide this table in the UI and the text report file, please set the "Show Parameter Settings in Synthesis Report" option in "Analysis and Synthesis Settings -> More Settings" to "Off".


+-----------------------------------------------------------------------------------------------------+
; Parameter Settings for User Entity Instance: mult:mult_inst|mult_cell:mult_stepx[1].mult_cell_instx ;
+----------------+-------+----------------------------------------------------------------------------+
; Parameter Name ; Value ; Type                                                                       ;
+----------------+-------+----------------------------------------------------------------------------+
; N              ; 13    ; Signed Integer                                                             ;
; M              ; 12    ; Signed Integer                                                             ;
+----------------+-------+----------------------------------------------------------------------------+
Note: In order to hide this table in the UI and the text report file, please set the "Show Parameter Settings in Synthesis Report" option in "Analysis and Synthesis Settings -> More Settings" to "Off".


+-----------------------------------------------------------------------------------------------------+
; Parameter Settings for User Entity Instance: mult:mult_inst|mult_cell:mult_stepx[2].mult_cell_instx ;
+----------------+-------+----------------------------------------------------------------------------+
; Parameter Name ; Value ; Type                                                                       ;
+----------------+-------+----------------------------------------------------------------------------+
; N              ; 13    ; Signed Integer                                                             ;
; M              ; 12    ; Signed Integer                                                             ;
+----------------+-------+----------------------------------------------------------------------------+
Note: In order to hide this table in the UI and the text report file, please set the "Show Parameter Settings in Synthesis Report" option in "Analysis and Synthesis Settings -> More Settings" to "Off".


+-----------------------------------------------------------------------------------------------------+
; Parameter Settings for User Entity Instance: mult:mult_inst|mult_cell:mult_stepx[3].mult_cell_instx ;
+----------------+-------+----------------------------------------------------------------------------+
; Parameter Name ; Value ; Type                                                                       ;
+----------------+-------+----------------------------------------------------------------------------+
; N              ; 13    ; Signed Integer                                                             ;
; M              ; 12    ; Signed Integer                                                             ;
+----------------+-------+----------------------------------------------------------------------------+
Note: In order to hide this table in the UI and the text report file, please set the "Show Parameter Settings in Synthesis Report" option in "Analysis and Synthesis Settings -> More Settings" to "Off".


+-----------------------------------------------------------------------------------------------------+
; Parameter Settings for User Entity Instance: mult:mult_inst|mult_cell:mult_stepx[4].mult_cell_instx ;
+----------------+-------+----------------------------------------------------------------------------+
; Parameter Name ; Value ; Type                                                                       ;
+----------------+-------+----------------------------------------------------------------------------+
; N              ; 13    ; Signed Integer                                                             ;
; M              ; 12    ; Signed Integer                                                             ;
+----------------+-------+----------------------------------------------------------------------------+
Note: In order to hide this table in the UI and the text report file, please set the "Show Parameter Settings in Synthesis Report" option in "Analysis and Synthesis Settings -> More Settings" to "Off".


+-----------------------------------------------------------------------------------------------------+
; Parameter Settings for User Entity Instance: mult:mult_inst|mult_cell:mult_stepx[5].mult_cell_instx ;
+----------------+-------+----------------------------------------------------------------------------+
; Parameter Name ; Value ; Type                                                                       ;
+----------------+-------+----------------------------------------------------------------------------+
; N              ; 13    ; Signed Integer                                                             ;
; M              ; 12    ; Signed Integer                                                             ;
+----------------+-------+----------------------------------------------------------------------------+
Note: In order to hide this table in the UI and the text report file, please set the "Show Parameter Settings in Synthesis Report" option in "Analysis and Synthesis Settings -> More Settings" to "Off".


+-----------------------------------------------------------------------------------------------------+
; Parameter Settings for User Entity Instance: mult:mult_inst|mult_cell:mult_stepx[6].mult_cell_instx ;
+----------------+-------+----------------------------------------------------------------------------+
; Parameter Name ; Value ; Type                                                                       ;
+----------------+-------+----------------------------------------------------------------------------+
; N              ; 13    ; Signed Integer                                                             ;
; M              ; 12    ; Signed Integer                                                             ;
+----------------+-------+----------------------------------------------------------------------------+
Note: In order to hide this table in the UI and the text report file, please set the "Show Parameter Settings in Synthesis Report" option in "Analysis and Synthesis Settings -> More Settings" to "Off".


+-----------------------------------------------------------------------------------------------------+
; Parameter Settings for User Entity Instance: mult:mult_inst|mult_cell:mult_stepx[7].mult_cell_instx ;
+----------------+-------+----------------------------------------------------------------------------+
; Parameter Name ; Value ; Type                                                                       ;
+----------------+-------+----------------------------------------------------------------------------+
; N              ; 13    ; Signed Integer                                                             ;
; M              ; 12    ; Signed Integer                                                             ;
+----------------+-------+----------------------------------------------------------------------------+
Note: In order to hide this table in the UI and the text report file, please set the "Show Parameter Settings in Synthesis Report" option in "Analysis and Synthesis Settings -> More Settings" to "Off".


+-----------------------------------------------------------------------------------------------------+
; Parameter Settings for User Entity Instance: mult:mult_inst|mult_cell:mult_stepx[8].mult_cell_instx ;
+----------------+-------+----------------------------------------------------------------------------+
; Parameter Name ; Value ; Type                                                                       ;
+----------------+-------+----------------------------------------------------------------------------+
; N              ; 13    ; Signed Integer                                                             ;
; M              ; 12    ; Signed Integer                                                             ;
+----------------+-------+----------------------------------------------------------------------------+
Note: In order to hide this table in the UI and the text report file, please set the "Show Parameter Settings in Synthesis Report" option in "Analysis and Synthesis Settings -> More Settings" to "Off".


+-----------------------------------------------------------------------------------------------------+
; Parameter Settings for User Entity Instance: mult:mult_inst|mult_cell:mult_stepx[9].mult_cell_instx ;
+----------------+-------+----------------------------------------------------------------------------+
; Parameter Name ; Value ; Type                                                                       ;
+----------------+-------+----------------------------------------------------------------------------+
; N              ; 13    ; Signed Integer                                                             ;
; M              ; 12    ; Signed Integer                                                             ;
+----------------+-------+----------------------------------------------------------------------------+
Note: In order to hide this table in the UI and the text report file, please set the "Show Parameter Settings in Synthesis Report" option in "Analysis and Synthesis Settings -> More Settings" to "Off".


+------------------------------------------------------------------------------------------------------+
; Parameter Settings for User Entity Instance: mult:mult_inst|mult_cell:mult_stepx[10].mult_cell_instx ;
+----------------+-------+-----------------------------------------------------------------------------+
; Parameter Name ; Value ; Type                                                                        ;
+----------------+-------+-----------------------------------------------------------------------------+
; N              ; 13    ; Signed Integer                                                              ;
; M              ; 12    ; Signed Integer                                                              ;
+----------------+-------+-----------------------------------------------------------------------------+
Note: In order to hide this table in the UI and the text report file, please set the "Show Parameter Settings in Synthesis Report" option in "Analysis and Synthesis Settings -> More Settings" to "Off".


+------------------------------------------------------------------------------------------------------------+
; Analysis & Elaboration Settings                                                                            ;
+------------------------------------------------------------------+--------------------+--------------------+
; Option                                                           ; Setting            ; Default Value      ;
+------------------------------------------------------------------+--------------------+--------------------+
; Device                                                           ; EP4CE10F17C8       ;                    ;
; Top-level entity name                                            ; fir                ; fir                ;
; Family name                                                      ; Cyclone IV E       ; Cyclone V          ;
; Use smart compilation                                            ; Off                ; Off                ;
; Enable parallel Assembler and Timing Analyzer during compilation ; On                 ; On                 ;
; Enable compact report table                                      ; Off                ; Off                ;
; Restructure Multiplexers                                         ; Auto               ; Auto               ;
; Create Debugging Nodes for IP Cores                              ; Off                ; Off                ;
; Preserve fewer node names                                        ; On                 ; On                 ;
; Intel FPGA IP Evaluation Mode                                    ; Enable             ; Enable             ;
; Verilog Version                                                  ; Verilog_2001       ; Verilog_2001       ;
; VHDL Version                                                     ; VHDL_1993          ; VHDL_1993          ;
; State Machine Processing                                         ; Auto               ; Auto               ;
; Safe State Machine                                               ; Off                ; Off                ;
; Extract Verilog State Machines                                   ; On                 ; On                 ;
; Extract VHDL State Machines                                      ; On                 ; On                 ;
; Ignore Verilog initial constructs                                ; Off                ; Off                ;
; Iteration limit for constant Verilog loops                       ; 5000               ; 5000               ;
; Iteration limit for non-constant Verilog loops                   ; 250                ; 250                ;
; Add Pass-Through Logic to Inferred RAMs                          ; On                 ; On                 ;
; Infer RAMs from Raw Logic                                        ; On                 ; On                 ;
; Parallel Synthesis                                               ; On                 ; On                 ;
; DSP Block Balancing                                              ; Auto               ; Auto               ;
; NOT Gate Push-Back                                               ; On                 ; On                 ;
; Power-Up Don't Care                                              ; On                 ; On                 ;
; Remove Redundant Logic Cells                                     ; Off                ; Off                ;
; Remove Duplicate Registers                                       ; On                 ; On                 ;
; Ignore CARRY Buffers                                             ; Off                ; Off                ;
; Ignore CASCADE Buffers                                           ; Off                ; Off                ;
; Ignore GLOBAL Buffers                                            ; Off                ; Off                ;
; Ignore ROW GLOBAL Buffers                                        ; Off                ; Off                ;
; Ignore LCELL Buffers                                             ; Off                ; Off                ;
; Ignore SOFT Buffers                                              ; On                 ; On                 ;
; Limit AHDL Integers to 32 Bits                                   ; Off                ; Off                ;
; Optimization Technique                                           ; Balanced           ; Balanced           ;
; Carry Chain Length                                               ; 70                 ; 70                 ;
; Auto Carry Chains                                                ; On                 ; On                 ;
; Auto Open-Drain Pins                                             ; On                 ; On                 ;
; Perform WYSIWYG Primitive Resynthesis                            ; Off                ; Off                ;
; Auto ROM Replacement                                             ; On                 ; On                 ;
; Auto RAM Replacement                                             ; On                 ; On                 ;
; Auto DSP Block Replacement                                       ; On                 ; On                 ;
; Auto Shift Register Replacement                                  ; Auto               ; Auto               ;
; Allow Shift Register Merging across Hierarchies                  ; Auto               ; Auto               ;
; Auto Clock Enable Replacement                                    ; On                 ; On                 ;
; Strict RAM Replacement                                           ; Off                ; Off                ;
; Allow Synchronous Control Signals                                ; On                 ; On                 ;
; Force Use of Synchronous Clear Signals                           ; Off                ; Off                ;
; Auto RAM Block Balancing                                         ; On                 ; On                 ;
; Auto RAM to Logic Cell Conversion                                ; Off                ; Off                ;
; Auto Resource Sharing                                            ; Off                ; Off                ;
; Allow Any RAM Size For Recognition                               ; Off                ; Off                ;
; Allow Any ROM Size For Recognition                               ; Off                ; Off                ;
; Allow Any Shift Register Size For Recognition                    ; Off                ; Off                ;
; Use LogicLock Constraints during Resource Balancing              ; On                 ; On                 ;
; Ignore translate_off and synthesis_off directives                ; Off                ; Off                ;
; Timing-Driven Synthesis                                          ; On                 ; On                 ;
; Report Parameter Settings                                        ; On                 ; On                 ;
; Report Source Assignments                                        ; On                 ; On                 ;
; Report Connectivity Checks                                       ; On                 ; On                 ;
; Ignore Maximum Fan-Out Assignments                               ; Off                ; Off                ;
; Synchronization Register Chain Length                            ; 2                  ; 2                  ;
; Power Optimization During Synthesis                              ; Normal compilation ; Normal compilation ;
; HDL message level                                                ; Level2             ; Level2             ;
; Suppress Register Optimization Related Messages                  ; Off                ; Off                ;
; Number of Removed Registers Reported in Synthesis Report         ; 5000               ; 5000               ;
; Number of Swept Nodes Reported in Synthesis Report               ; 5000               ; 5000               ;
; Number of Inverted Registers Reported in Synthesis Report        ; 100                ; 100                ;
; Clock MUX Protection                                             ; On                 ; On                 ;
; Auto Gated Clock Conversion                                      ; Off                ; Off                ;
; Block Design Naming                                              ; Auto               ; Auto               ;
; SDC constraint protection                                        ; Off                ; Off                ;
; Synthesis Effort                                                 ; Auto               ; Auto               ;
; Shift Register Replacement - Allow Asynchronous Clear Signal     ; On                 ; On                 ;
; Pre-Mapping Resynthesis Optimization                             ; Off                ; Off                ;
; Analysis & Synthesis Message Level                               ; Medium             ; Medium             ;
; Disable Register Merging Across Hierarchies                      ; Auto               ; Auto               ;
; Resource Aware Inference For Block RAM                           ; On                 ; On                 ;
+------------------------------------------------------------------+--------------------+--------------------+


+-------------------------------------------------------------------------------------------------------------------+
; Port Connectivity Checks: "mult:mult_inst|mult_cell:mult_stepx[10].mult_cell_instx"                               ;
+---------+--------+----------+-------------------------------------------------------------------------------------+
; Port    ; Type   ; Severity ; Details                                                                             ;
+---------+--------+----------+-------------------------------------------------------------------------------------+
; mult1_o ; Output ; Info     ; Connected to dangling logic. Logic that only feeds a dangling port will be removed. ;
; mult2_o ; Output ; Info     ; Connected to dangling logic. Logic that only feeds a dangling port will be removed. ;
+---------+--------+----------+-------------------------------------------------------------------------------------+


+----------------------------------------------------------------------+
; Port Connectivity Checks: "mult:mult_inst|mult_cell:mult_cell_inst0" ;
+---------------+-------+----------+-----------------------------------+
; Port          ; Type  ; Severity ; Details                           ;
+---------------+-------+----------+-----------------------------------+
; mult1[24..13] ; Input ; Info     ; Stuck at GND                      ;
; mult_acci     ; Input ; Info     ; Stuck at GND                      ;
+---------------+-------+----------+-----------------------------------+


+---------------------------------+
; Analysis & Elaboration Messages ;
+---------------------------------+
Info: *******************************************************************
Info: Running Quartus Prime Analysis & Elaboration
    Info: Version 18.1.0 Build 625 09/12/2018 SJ Standard Edition
    Info: Processing started: Thu Sep 07 21:23:02 2023
Info: Command: quartus_map --read_settings_files=on --write_settings_files=off fir -c fir --analysis_and_elaboration
Warning (18236): Number of processors has not been specified which may cause overloading on shared machines.  Set the global assignment NUM_PARALLEL_PROCESSORS in your QSF to an appropriate value for best performance.
Info (20030): Parallel compilation is enabled and will use 6 of the 6 processors detected
Info (12021): Found 1 design units, including 1 entities, in source file /verilog_code/fir/fir_serial/rtl/mult_cell.v
    Info (12023): Found entity 1: mult_cell File: E:/Verilog_Code/FIR/FIR_Serial/rtl/mult_cell.v Line: 1
Info (12021): Found 1 design units, including 1 entities, in source file /verilog_code/fir/fir_serial/rtl/mult.v
    Info (12023): Found entity 1: mult File: E:/Verilog_Code/FIR/FIR_Serial/rtl/mult.v Line: 1
Info (12021): Found 1 design units, including 1 entities, in source file /verilog_code/fir/fir_serial/rtl/fir.v
    Info (12023): Found entity 1: fir File: E:/Verilog_Code/FIR/FIR_Serial/rtl/fir.v Line: 1
Info (12021): Found 1 design units, including 1 entities, in source file /verilog_code/fir/fir_serial/sim/test.sv
    Info (12023): Found entity 1: test File: E:/Verilog_Code/FIR/FIR_Serial/sim/test.sv Line: 1
Info (12127): Elaborating entity "fir" for the top level hierarchy
Warning (10240): Verilog HDL Always Construct warning at fir.v(40): inferring latch(es) for variable "i", which holds its previous value in one or more paths through the always construct File: E:/Verilog_Code/FIR/FIR_Serial/rtl/fir.v Line: 40
Warning (10230): Verilog HDL assignment warning at fir.v(66): truncated value with size 32 to match size of target (3) File: E:/Verilog_Code/FIR/FIR_Serial/rtl/fir.v Line: 66
Warning (10027): Verilog HDL or VHDL warning at the fir.v(73): index expression is not wide enough to address all of the elements in the array File: E:/Verilog_Code/FIR/FIR_Serial/rtl/fir.v Line: 73
Warning (10027): Verilog HDL or VHDL warning at the fir.v(74): index expression is not wide enough to address all of the elements in the array File: E:/Verilog_Code/FIR/FIR_Serial/rtl/fir.v Line: 74
Warning (10230): Verilog HDL assignment warning at fir.v(83): truncated value with size 32 to match size of target (4) File: E:/Verilog_Code/FIR/FIR_Serial/rtl/fir.v Line: 83
Info (12128): Elaborating entity "mult" for hierarchy "mult:mult_inst" File: E:/Verilog_Code/FIR/FIR_Serial/rtl/fir.v Line: 95
Info (12128): Elaborating entity "mult_cell" for hierarchy "mult:mult_inst|mult_cell:mult_cell_inst0" File: E:/Verilog_Code/FIR/FIR_Serial/rtl/mult.v Line: 44
Info: Quartus Prime Analysis & Elaboration was successful. 0 errors, 6 warnings
    Info: Peak virtual memory: 4711 megabytes
    Info: Processing ended: Thu Sep 07 21:23:10 2023
    Info: Elapsed time: 00:00:08
    Info: Total CPU time (on all processors): 00:00:19


